[2025-06-29 16:58:06.683] [info] Using configuration file /home/syafiq/.config/waybar/config
[2025-06-29 16:58:06.686] [info] Discovered appearance 'dark'
[2025-06-29 16:58:06.686] [info] Using CSS file /home/syafiq/.config/waybar/style.css
[2025-06-29 16:58:06.695] [info] Hyprland IPC starting
[2025-06-29 16:58:06.696] [info] Loading persistent workspaces from Hyprland workspace rules
[2025-06-29 16:58:06.704] [warning] No battery named BAT2
[2025-06-29 16:58:06.843] [warning] Requested height: 30 is less than the minimum height: 36 required by the modules
[2025-06-29 16:58:06.843] [info] Bar configured (width: 1366, height: 36) for output: eDP-1
Gdk-Message: 16:58:40.374: Unable to load hand2 from the cursor theme
Gdk-Message: 16:58:40.501: Unable to load arrow from the cursor theme
Gdk-Message: 16:58:48.478: Unable to load hand2 from the cursor theme
Gdk-Message: 16:58:48.520: Unable to load arrow from the cursor theme
Gdk-Message: 16:59:37.605: Unable to load hand2 from the cursor theme
Gdk-Message: 16:59:37.613: Unable to load arrow from the cursor theme
Gdk-Message: 16:59:56.749: Unable to load hand2 from the cursor theme
Gdk-Message: 16:59:56.901: Unable to load arrow from the cursor theme
Gdk-Message: 17:00:56.668: Unable to load hand2 from the cursor theme
Gdk-Message: 17:00:56.806: Unable to load arrow from the cursor theme
Gdk-Message: 17:01:12.420: Unable to load hand2 from the cursor theme
Gdk-Message: 17:01:12.428: Unable to load arrow from the cursor theme
Gdk-Message: 17:02:30.196: Unable to load hand2 from the cursor theme
Gdk-Message: 17:02:30.203: Unable to load arrow from the cursor theme
Gdk-Message: 17:03:12.299: Unable to load hand2 from the cursor theme
Gdk-Message: 17:03:12.307: Unable to load arrow from the cursor theme
[2025-06-29 17:05:20.794] [info] Using configuration file /home/syafiq/.config/waybar/config
[2025-06-29 17:05:20.798] [info] Discovered appearance 'dark'
[2025-06-29 17:05:20.798] [info] Using CSS file /home/syafiq/.config/waybar/style.css
[2025-06-29 17:05:20.805] [info] Hyprland IPC starting
[2025-06-29 17:05:20.806] [info] Loading persistent workspaces from Hyprland workspace rules
[2025-06-29 17:05:20.815] [warning] No battery named BAT2
[2025-06-29 17:05:20.954] [warning] Requested height: 30 is less than the minimum height: 36 required by the modules
[2025-06-29 17:05:20.954] [info] Bar configured (width: 1366, height: 36) for output: eDP-1
[2025-06-29 17:05:56.200] [info] Using configuration file /home/syafiq/.config/waybar/config
[2025-06-29 17:05:56.203] [info] Discovered appearance 'dark'
[2025-06-29 17:05:56.203] [info] Using CSS file /home/syafiq/.config/waybar/style.css
[2025-06-29 17:05:56.211] [info] Hyprland IPC starting
[2025-06-29 17:05:56.212] [info] Loading persistent workspaces from Hyprland workspace rules
[2025-06-29 17:05:56.220] [warning] No battery named BAT2
[2025-06-29 17:05:56.367] [warning] Requested height: 30 is less than the minimum height: 36 required by the modules
[2025-06-29 17:05:56.367] [info] Bar configured (width: 1366, height: 36) for output: eDP-1
[2025-06-29 17:05:59.244] [info] Bar configured (width: 1367, height: 36) for output: eDP-1
[2025-06-29 17:06:00.222] [info] Bar configured (width: 1375, height: 36) for output: eDP-1
[2025-06-29 17:06:00.248] [info] Bar configured (width: 1367, height: 36) for output: eDP-1
[2025-06-29 17:06:02.223] [info] Bar configured (width: 1366, height: 36) for output: eDP-1
[2025-06-29 17:06:04.223] [info] Bar configured (width: 1367, height: 36) for output: eDP-1
[2025-06-29 17:06:04.245] [info] Bar configured (width: 1375, height: 36) for output: eDP-1
[2025-06-29 17:06:07.250] [info] Bar configured (width: 1367, height: 36) for output: eDP-1
Gdk-Message: 17:06:07.338: Unable to load hand2 from the cursor theme
Gdk-Message: 17:06:07.410: Unable to load arrow from the cursor theme
[2025-06-29 17:06:08.251] [info] Bar configured (width: 1375, height: 36) for output: eDP-1
[2025-06-29 17:06:09.251] [info] Bar configured (width: 1367, height: 36) for output: eDP-1
[2025-06-29 17:06:11.227] [info] Bar configured (width: 1366, height: 36) for output: eDP-1
[2025-06-29 17:06:12.224] [info] Bar configured (width: 1367, height: 36) for output: eDP-1
[2025-06-29 17:06:16.224] [info] Bar configured (width: 1366, height: 36) for output: eDP-1
[2025-06-29 17:06:16.251] [info] Bar configured (width: 1367, height: 36) for output: eDP-1
[2025-06-29 17:06:17.224] [info] Bar configured (width: 1375, height: 36) for output: eDP-1
[2025-06-29 17:06:18.224] [info] Bar configured (width: 1367, height: 36) for output: eDP-1
[2025-06-29 17:06:19.253] [info] Bar configured (width: 1366, height: 36) for output: eDP-1
[2025-06-29 17:06:25.225] [info] Bar configured (width: 1367, height: 36) for output: eDP-1
[2025-06-29 17:06:25.253] [info] Bar configured (width: 1375, height: 36) for output: eDP-1
[2025-06-29 17:06:26.254] [info] Bar configured (width: 1367, height: 36) for output: eDP-1
[2025-06-29 17:06:27.229] [info] Bar configured (width: 1366, height: 36) for output: eDP-1
[2025-06-29 17:06:29.227] [info] Bar configured (width: 1367, height: 36) for output: eDP-1
[2025-06-29 17:06:33.256] [info] Bar configured (width: 1375, height: 36) for output: eDP-1
[2025-06-29 17:06:37.260] [info] Bar configured (width: 1367, height: 36) for output: eDP-1
[2025-06-29 17:06:38.258] [info] Bar configured (width: 1366, height: 36) for output: eDP-1
[2025-06-29 17:06:39.258] [info] Bar configured (width: 1367, height: 36) for output: eDP-1
[2025-06-29 17:06:41.258] [info] Bar configured (width: 1366, height: 36) for output: eDP-1
[2025-06-29 17:06:42.258] [info] Bar configured (width: 1367, height: 36) for output: eDP-1
[2025-06-29 17:06:45.228] [info] Bar configured (width: 1366, height: 36) for output: eDP-1
[2025-06-29 17:06:48.227] [info] Bar configured (width: 1367, height: 36) for output: eDP-1
[2025-06-29 17:06:49.228] [info] Bar configured (width: 1366, height: 36) for output: eDP-1
[2025-06-29 17:07:01.229] [info] Bar configured (width: 1367, height: 36) for output: eDP-1
[2025-06-29 17:07:05.230] [info] Bar configured (width: 1366, height: 36) for output: eDP-1
[2025-06-29 17:07:25.269] [info] Bar configured (width: 1367, height: 36) for output: eDP-1
[2025-06-29 17:07:26.269] [info] Bar configured (width: 1366, height: 36) for output: eDP-1
[2025-06-29 17:07:43.274] [info] Bar configured (width: 1367, height: 36) for output: eDP-1
[2025-06-29 17:07:44.274] [info] Bar configured (width: 1366, height: 36) for output: eDP-1
[2025-06-29 17:07:45.274] [info] Bar configured (width: 1375, height: 36) for output: eDP-1
[2025-06-29 17:07:46.274] [info] Bar configured (width: 1367, height: 36) for output: eDP-1
[2025-06-29 17:07:49.276] [info] Bar configured (width: 1366, height: 36) for output: eDP-1
[2025-06-29 17:07:50.276] [info] Bar configured (width: 1367, height: 36) for output: eDP-1
[2025-06-29 17:07:55.235] [info] Bar configured (width: 1366, height: 36) for output: eDP-1
[2025-06-29 17:07:57.277] [info] Bar configured (width: 1367, height: 36) for output: eDP-1
[2025-06-29 17:07:58.238] [info] Bar configured (width: 1366, height: 36) for output: eDP-1
[2025-06-29 17:08:18.282] [info] Bar configured (width: 1367, height: 36) for output: eDP-1
[2025-06-29 17:08:19.282] [info] Bar configured (width: 1366, height: 36) for output: eDP-1
[2025-06-29 17:08:20.281] [info] Bar configured (width: 1367, height: 36) for output: eDP-1
[2025-06-29 17:08:21.282] [info] Bar configured (width: 1366, height: 36) for output: eDP-1
[2025-06-29 17:08:41.287] [info] Bar configured (width: 1375, height: 36) for output: eDP-1
[2025-06-29 17:08:42.239] [info] Bar configured (width: 1367, height: 36) for output: eDP-1
[2025-06-29 17:08:42.288] [info] Bar configured (width: 1366, height: 36) for output: eDP-1
[2025-06-29 17:08:53.290] [info] Bar configured (width: 1367, height: 36) for output: eDP-1
[2025-06-29 17:08:54.291] [info] Bar configured (width: 1366, height: 36) for output: eDP-1
[2025-06-29 17:09:10.293] [info] Bar configured (width: 1367, height: 36) for output: eDP-1
[2025-06-29 17:09:12.294] [info] Bar configured (width: 1366, height: 36) for output: eDP-1
[2025-06-29 17:09:31.298] [info] Bar configured (width: 1367, height: 36) for output: eDP-1
[2025-06-29 17:09:32.249] [info] Bar configured (width: 1366, height: 36) for output: eDP-1
[2025-06-29 17:09:37.245] [info] Bar configured (width: 1367, height: 36) for output: eDP-1
[2025-06-29 17:09:38.249] [info] Bar configured (width: 1366, height: 36) for output: eDP-1
[2025-06-29 17:09:39.299] [info] Bar configured (width: 1367, height: 36) for output: eDP-1
[2025-06-29 17:09:42.300] [info] Bar configured (width: 1366, height: 36) for output: eDP-1
Gdk-Message: 17:10:12.744: Unable to load hand2 from the cursor theme
Gdk-Message: 17:10:12.760: Unable to load arrow from the cursor theme
Gdk-Message: 17:10:12.760: Unable to load hand2 from the cursor theme
Gdk-Message: 17:10:12.768: Unable to load arrow from the cursor theme
Gdk-Message: 17:10:14.072: Unable to load hand2 from the cursor theme
Gdk-Message: 17:10:14.392: Unable to load arrow from the cursor theme
Gdk-Message: 17:10:14.488: Unable to load hand2 from the cursor theme
[0.080] Ignoring unknown config key: disable_window_buttons
[0.081] Ignoring unknown config key: open_url_modifiers
[0.081] Ignoring unknown config key: rectangle_select_modifiers
[0.081] Ignoring unknown config key: terminal_select_modifiers
[0.081] Ignoring unknown config key: resize_draw_strategy
[0.083] Could not find included config file: /home/syafiq/.config/kitty/snazzy.conf, ignoring
Gdk-Message: 17:10:16.377: Unable to load arrow from the cursor theme
[0.238] Failed to load /usr/lib/libelogind.so.0.30.0 with error: /usr/lib/libelogind.so.0.30.0: cannot open shared object file: No such file or directory

Gdk-Message: 17:10:16.792: Unable to load hand2 from the cursor theme
Gdk-Message: 17:10:16.849: Unable to load arrow from the cursor theme
Gdk-Message: 17:10:49.337: Unable to load hand2 from the cursor theme
Gdk-Message: 17:10:49.385: Unable to load arrow from the cursor theme
[2025-06-29 17:15:09.595] [info] Using configuration file /home/syafiq/.config/waybar/config
[2025-06-29 17:15:09.599] [info] Discovered appearance 'dark'
[2025-06-29 17:15:09.600] [info] Using CSS file /home/syafiq/.config/waybar/style.css
[2025-06-29 17:15:09.607] [info] Hyprland IPC starting
[2025-06-29 17:15:09.607] [info] Loading persistent workspaces from Hyprland workspace rules
[2025-06-29 17:15:09.617] [warning] No battery named BAT2
[2025-06-29 17:15:09.758] [warning] Requested height: 30 is less than the minimum height: 36 required by the modules
[2025-06-29 17:15:09.758] [info] Bar configured (width: 1366, height: 36) for output: eDP-1
[2025-06-29 17:16:01.906] [info] Using configuration file /home/syafiq/.config/waybar/config
[2025-06-29 17:16:01.909] [info] Discovered appearance 'dark'
[2025-06-29 17:16:01.909] [info] Using CSS file /home/syafiq/.config/waybar/style.css
[2025-06-29 17:16:01.917] [info] Hyprland IPC starting
[2025-06-29 17:16:01.918] [info] Loading persistent workspaces from Hyprland workspace rules
[2025-06-29 17:16:01.927] [warning] No battery named BAT2
[2025-06-29 17:16:02.068] [warning] Requested height: 30 is less than the minimum height: 36 required by the modules
[2025-06-29 17:16:02.068] [info] Bar configured (width: 1366, height: 36) for output: eDP-1
[2025-06-29 17:16:11.955] [info] Bar configured (width: 1367, height: 36) for output: eDP-1
[2025-06-29 17:16:12.955] [info] Bar configured (width: 1366, height: 36) for output: eDP-1
[2025-06-29 17:16:20.956] [info] Bar configured (width: 1375, height: 36) for output: eDP-1
[2025-06-29 17:16:21.955] [info] Bar configured (width: 1366, height: 36) for output: eDP-1
[2025-06-29 17:16:28.958] [info] Bar configured (width: 1375, height: 36) for output: eDP-1
[2025-06-29 17:16:30.934] [info] Bar configured (width: 1367, height: 36) for output: eDP-1
[2025-06-29 17:16:31.932] [info] Bar configured (width: 1375, height: 36) for output: eDP-1
[2025-06-29 17:16:31.959] [info] Bar configured (width: 1366, height: 36) for output: eDP-1
[2025-06-29 17:16:32.959] [info] Bar configured (width: 1367, height: 36) for output: eDP-1
[2025-06-29 17:16:39.961] [info] Bar configured (width: 1375, height: 36) for output: eDP-1
[2025-06-29 17:16:40.961] [info] Bar configured (width: 1367, height: 36) for output: eDP-1
[2025-06-29 17:16:41.932] [info] Bar configured (width: 1366, height: 36) for output: eDP-1
[2025-06-29 17:16:43.937] [info] Bar configured (width: 1367, height: 36) for output: eDP-1
[2025-06-29 17:16:46.962] [info] Bar configured (width: 1366, height: 36) for output: eDP-1
[2025-06-29 17:17:03.966] [info] Bar configured (width: 1367, height: 36) for output: eDP-1
[2025-06-29 17:17:04.966] [info] Bar configured (width: 1366, height: 36) for output: eDP-1
[2025-06-29 17:17:08.935] [info] Bar configured (width: 1367, height: 36) for output: eDP-1
[2025-06-29 17:17:08.967] [info] Bar configured (width: 1366, height: 36) for output: eDP-1
[2025-06-29 17:17:22.971] [info] Bar configured (width: 1367, height: 36) for output: eDP-1
[2025-06-29 17:17:23.971] [info] Bar configured (width: 1366, height: 36) for output: eDP-1
[2025-06-29 17:17:47.941] [info] Bar configured (width: 1367, height: 36) for output: eDP-1
[2025-06-29 17:17:47.976] [info] Bar configured (width: 1366, height: 36) for output: eDP-1
[2025-06-29 17:17:59.979] [info] Bar configured (width: 1367, height: 36) for output: eDP-1
[2025-06-29 17:18:00.941] [info] Bar configured (width: 1366, height: 36) for output: eDP-1
[2025-06-29 17:19:33.000] [info] Bar configured (width: 1367, height: 36) for output: eDP-1
[2025-06-29 17:19:35.002] [info] Bar configured (width: 1366, height: 36) for output: eDP-1
[2025-06-29 17:19:40.002] [info] Bar configured (width: 1367, height: 36) for output: eDP-1
[2025-06-29 17:19:41.003] [info] Bar configured (width: 1366, height: 36) for output: eDP-1
[2025-06-29 17:19:48.006] [info] Bar configured (width: 1367, height: 36) for output: eDP-1
Gdk-Message: 17:19:48.541: Unable to load hand2 from the cursor theme
Gdk-Message: 17:19:48.563: Unable to load arrow from the cursor theme
Gdk-Message: 17:19:48.772: Unable to load hand2 from the cursor theme
[2025-06-29 17:19:49.005] [info] Bar configured (width: 1375, height: 36) for output: eDP-1
Gdk-Message: 17:19:49.244: Unable to load arrow from the cursor theme
Gdk-Message: 17:19:49.380: Unable to load hand2 from the cursor theme
[2025-06-29 17:19:49.956] [info] Bar configured (width: 1367, height: 36) for output: eDP-1
[2025-06-29 17:19:50.003] [info] Bar configured (width: 1366, height: 36) for output: eDP-1
[0.072] Ignoring unknown config key: disable_window_buttons
[0.073] Ignoring unknown config key: open_url_modifiers
[0.073] Ignoring unknown config key: rectangle_select_modifiers
[0.073] Ignoring unknown config key: terminal_select_modifiers
[0.074] Ignoring unknown config key: resize_draw_strategy
[0.076] Could not find included config file: /home/syafiq/.config/kitty/snazzy.conf, ignoring
Gdk-Message: 17:19:50.290: Unable to load arrow from the cursor theme
[0.204] Failed to load /usr/lib/libelogind.so.0.30.0 with error: /usr/lib/libelogind.so.0.30.0: cannot open shared object file: No such file or directory

Gdk-Message: 17:19:50.612: Unable to load hand2 from the cursor theme
Gdk-Message: 17:19:50.660: Unable to load arrow from the cursor theme
Gdk-Message: 17:19:55.318: Unable to load hand2 from the cursor theme
Gdk-Message: 17:19:55.339: Unable to load arrow from the cursor theme
Gdk-Message: 17:19:55.692: Unable to load hand2 from the cursor theme
[0.081] Ignoring unknown config key: disable_window_buttons
[0.082] Ignoring unknown config key: open_url_modifiers
[0.082] Ignoring unknown config key: rectangle_select_modifiers
[0.082] Ignoring unknown config key: terminal_select_modifiers
[0.082] Ignoring unknown config key: resize_draw_strategy
[0.084] Could not find included config file: /home/syafiq/.config/kitty/snazzy.conf, ignoring
Gdk-Message: 17:19:56.072: Unable to load arrow from the cursor theme
[0.216] Failed to load /usr/lib/libelogind.so.0.30.0 with error: /usr/lib/libelogind.so.0.30.0: cannot open shared object file: No such file or directory

Gdk-Message: 17:19:56.236: Unable to load hand2 from the cursor theme
Gdk-Message: 17:19:56.277: Unable to load arrow from the cursor theme
[2025-06-29 17:20:02.009] [info] Bar configured (width: 1367, height: 36) for output: eDP-1
[2025-06-29 17:20:02.958] [info] Bar configured (width: 1366, height: 36) for output: eDP-1
Gdk-Message: 17:20:04.540: Unable to load hand2 from the cursor theme
[2025-06-29 17:20:06.283] [info] Bar configured (width: 1385, height: 36) for output: eDP-1
[2025-06-29 17:20:06.957] [info] Bar configured (width: 1377, height: 36) for output: eDP-1
[2025-06-29 17:20:07.007] [info] Bar configured (width: 1366, height: 36) for output: eDP-1
[0.082] Ignoring unknown config key: disable_window_buttons
[0.083] Ignoring unknown config key: open_url_modifiers
[0.083] Ignoring unknown config key: rectangle_select_modifiers
[0.083] Ignoring unknown config key: terminal_select_modifiers
[0.084] Ignoring unknown config key: resize_draw_strategy
[0.086] Could not find included config file: /home/syafiq/.config/kitty/snazzy.conf, ignoring
Gdk-Message: 17:20:07.263: Unable to load arrow from the cursor theme
[0.214] Failed to load /usr/lib/libelogind.so.0.30.0 with error: /usr/lib/libelogind.so.0.30.0: cannot open shared object file: No such file or directory

[2025-06-29 17:20:07.958] [info] Bar configured (width: 1369, height: 36) for output: eDP-1
[2025-06-29 17:20:08.007] [info] Bar configured (width: 1393, height: 36) for output: eDP-1
[2025-06-29 17:20:08.958] [info] Bar configured (width: 1385, height: 36) for output: eDP-1
[2025-06-29 17:20:14.008] [info] Bar configured (width: 1377, height: 36) for output: eDP-1
[2025-06-29 17:20:14.959] [info] Bar configured (width: 1385, height: 36) for output: eDP-1
[2025-06-29 17:20:15.009] [info] Bar configured (width: 1393, height: 36) for output: eDP-1
[2025-06-29 17:20:15.958] [info] Bar configured (width: 1385, height: 36) for output: eDP-1
[2025-06-29 17:20:17.009] [info] Bar configured (width: 1369, height: 36) for output: eDP-1
[2025-06-29 17:20:18.010] [info] Bar configured (width: 1385, height: 36) for output: eDP-1
Gdk-Message: 17:20:19.573: Unable to load hand2 from the cursor theme
[2025-06-29 17:20:20.010] [info] Bar configured (width: 1377, height: 36) for output: eDP-1
Gdk-Message: 17:20:20.743: Unable to load arrow from the cursor theme
[2025-06-29 17:20:20.960] [info] Bar configured (width: 1385, height: 36) for output: eDP-1
[2025-06-29 17:20:21.010] [info] Bar configured (width: 1393, height: 36) for output: eDP-1
[2025-06-29 17:20:22.961] [info] Bar configured (width: 1385, height: 36) for output: eDP-1
[2025-06-29 17:20:23.011] [info] Bar configured (width: 1369, height: 36) for output: eDP-1
[2025-06-29 17:20:24.011] [info] Bar configured (width: 1385, height: 36) for output: eDP-1
[2025-06-29 17:20:26.011] [info] Bar configured (width: 1377, height: 36) for output: eDP-1
[2025-06-29 17:20:27.012] [info] Bar configured (width: 1385, height: 36) for output: eDP-1
[2025-06-29 17:20:28.962] [info] Bar configured (width: 1393, height: 36) for output: eDP-1
[2025-06-29 17:20:29.012] [info] Bar configured (width: 1409, height: 36) for output: eDP-1
[2025-06-29 17:20:29.962] [info] Bar configured (width: 1401, height: 36) for output: eDP-1
[2025-06-29 17:20:32.013] [info] Bar configured (width: 1393, height: 36) for output: eDP-1
[2025-06-29 17:20:33.013] [info] Bar configured (width: 1385, height: 36) for output: eDP-1
[2025-06-29 17:20:36.014] [info] Bar configured (width: 1377, height: 36) for output: eDP-1
[2025-06-29 17:20:38.014] [info] Bar configured (width: 1385, height: 36) for output: eDP-1
[2025-06-29 17:20:39.015] [info] Bar configured (width: 1369, height: 36) for output: eDP-1
[2025-06-29 17:20:39.963] [info] Bar configured (width: 1377, height: 36) for output: eDP-1
[2025-06-29 17:20:40.015] [info] Bar configured (width: 1393, height: 36) for output: eDP-1
[2025-06-29 17:20:41.015] [info] Bar configured (width: 1385, height: 36) for output: eDP-1
[2025-06-29 17:20:42.015] [info] Bar configured (width: 1393, height: 36) for output: eDP-1
[2025-06-29 17:20:43.020] [info] Bar configured (width: 1409, height: 36) for output: eDP-1
[2025-06-29 17:20:45.017] [info] Bar configured (width: 1401, height: 36) for output: eDP-1
[2025-06-29 17:20:46.016] [info] Bar configured (width: 1385, height: 36) for output: eDP-1
[2025-06-29 17:20:47.016] [info] Bar configured (width: 1393, height: 36) for output: eDP-1
[2025-06-29 17:20:48.964] [info] Bar configured (width: 1385, height: 36) for output: eDP-1
[2025-06-29 17:20:49.017] [info] Bar configured (width: 1369, height: 36) for output: eDP-1
[2025-06-29 17:20:49.965] [info] Bar configured (width: 1377, height: 36) for output: eDP-1
[2025-06-29 17:20:50.017] [info] Bar configured (width: 1393, height: 36) for output: eDP-1
[2025-06-29 17:20:50.964] [info] Bar configured (width: 1385, height: 36) for output: eDP-1
[2025-06-29 17:20:51.965] [info] Bar configured (width: 1393, height: 36) for output: eDP-1
[2025-06-29 17:20:52.017] [info] Bar configured (width: 1409, height: 36) for output: eDP-1
[2025-06-29 17:20:53.018] [info] Bar configured (width: 1401, height: 36) for output: eDP-1
[2025-06-29 17:20:56.965] [info] Bar configured (width: 1393, height: 36) for output: eDP-1
[2025-06-29 17:20:57.017] [info] Bar configured (width: 1385, height: 36) for output: eDP-1
[2025-06-29 17:20:58.018] [info] Bar configured (width: 1369, height: 36) for output: eDP-1
[2025-06-29 17:20:59.019] [info] Bar configured (width: 1385, height: 36) for output: eDP-1
[2025-06-29 17:20:59.966] [info] Bar configured (width: 1377, height: 36) for output: eDP-1
[2025-06-29 17:21:00.021] [info] Bar configured (width: 1369, height: 36) for output: eDP-1
[2025-06-29 17:21:00.967] [info] Bar configured (width: 1377, height: 36) for output: eDP-1
[2025-06-29 17:21:01.966] [info] Bar configured (width: 1369, height: 36) for output: eDP-1
[2025-06-29 17:21:02.019] [info] Bar configured (width: 1377, height: 36) for output: eDP-1
[2025-06-29 17:21:03.020] [info] Bar configured (width: 1366, height: 36) for output: eDP-1
[2025-06-29 17:21:03.967] [info] Bar configured (width: 1369, height: 36) for output: eDP-1
[2025-06-29 17:21:04.019] [info] Bar configured (width: 1385, height: 36) for output: eDP-1
[2025-06-29 17:21:04.967] [info] Bar configured (width: 1377, height: 36) for output: eDP-1
[2025-06-29 17:21:05.020] [info] Bar configured (width: 1369, height: 36) for output: eDP-1
[2025-06-29 17:21:06.020] [info] Bar configured (width: 1366, height: 36) for output: eDP-1
[2025-06-29 17:21:06.967] [info] Bar configured (width: 1369, height: 36) for output: eDP-1
[2025-06-29 17:21:07.021] [info] Bar configured (width: 1393, height: 36) for output: eDP-1
[2025-06-29 17:21:08.021] [info] Bar configured (width: 1377, height: 36) for output: eDP-1
[2025-06-29 17:21:08.967] [info] Bar configured (width: 1385, height: 36) for output: eDP-1
[2025-06-29 17:21:09.020] [info] Bar configured (width: 1393, height: 36) for output: eDP-1
[2025-06-29 17:21:10.968] [info] Bar configured (width: 1385, height: 36) for output: eDP-1
[2025-06-29 17:21:11.022] [info] Bar configured (width: 1369, height: 36) for output: eDP-1
[2025-06-29 17:21:12.022] [info] Bar configured (width: 1385, height: 36) for output: eDP-1
[2025-06-29 17:21:12.968] [info] Bar configured (width: 1377, height: 36) for output: eDP-1
[2025-06-29 17:21:13.022] [info] Bar configured (width: 1369, height: 36) for output: eDP-1
[2025-06-29 17:21:13.969] [info] Bar configured (width: 1377, height: 36) for output: eDP-1
[2025-06-29 17:21:14.022] [info] Bar configured (width: 1385, height: 36) for output: eDP-1
[2025-06-29 17:21:16.023] [info] Bar configured (width: 1369, height: 36) for output: eDP-1
[2025-06-29 17:21:17.023] [info] Bar configured (width: 1385, height: 36) for output: eDP-1
[2025-06-29 17:21:18.023] [info] Bar configured (width: 1369, height: 36) for output: eDP-1
[2025-06-29 17:21:19.024] [info] Bar configured (width: 1385, height: 36) for output: eDP-1
[2025-06-29 17:21:20.409] [info] Bar configured (width: 1366, height: 36) for output: eDP-1
[2025-06-29 17:21:41.029] [info] Bar configured (width: 1367, height: 36) for output: eDP-1
[2025-06-29 17:21:41.972] [info] Bar configured (width: 1375, height: 36) for output: eDP-1
[2025-06-29 17:21:42.029] [info] Bar configured (width: 1366, height: 36) for output: eDP-1
[2025-06-29 17:21:48.030] [info] Bar configured (width: 1367, height: 36) for output: eDP-1
[2025-06-29 17:21:49.031] [info] Bar configured (width: 1366, height: 36) for output: eDP-1
[2025-06-29 17:21:50.975] [info] Bar configured (width: 1367, height: 36) for output: eDP-1
[2025-06-29 17:21:51.031] [info] Bar configured (width: 1375, height: 36) for output: eDP-1
[2025-06-29 17:21:52.031] [info] Bar configured (width: 1367, height: 36) for output: eDP-1
[2025-06-29 17:21:54.032] [info] Bar configured (width: 1366, height: 36) for output: eDP-1
[2025-06-29 17:22:12.249] [info] Bar configured (width: 1393, height: 36) for output: eDP-1
[2025-06-29 17:22:13.035] [info] Bar configured (width: 1366, height: 36) for output: eDP-1
[2025-06-29 17:22:13.599] [info] Bar configured (width: 1385, height: 36) for output: eDP-1
Gdk-Message: 17:22:13.747: Unable to load hand2 from the cursor theme
Gdk-Message: 17:22:13.851: Unable to load arrow from the cursor theme
[2025-06-29 17:22:13.978] [info] Bar configured (width: 1377, height: 36) for output: eDP-1
Gdk-Message: 17:22:14.027: Unable to load hand2 from the cursor theme
[2025-06-29 17:22:14.044] [info] Bar configured (width: 1369, height: 36) for output: eDP-1
[2025-06-29 17:22:14.239] [info] Bar configured (width: 1377, height: 36) for output: eDP-1
[0.073] Ignoring unknown config key: disable_window_buttons
[0.074] Ignoring unknown config key: open_url_modifiers
[0.074] Ignoring unknown config key: rectangle_select_modifiers
[0.074] Ignoring unknown config key: terminal_select_modifiers
[0.075] Ignoring unknown config key: resize_draw_strategy
[0.077] Could not find included config file: /home/syafiq/.config/kitty/snazzy.conf, ignoring
Gdk-Message: 17:22:14.398: Unable to load arrow from the cursor theme
[0.205] Failed to load /usr/lib/libelogind.so.0.30.0 with error: /usr/lib/libelogind.so.0.30.0: cannot open shared object file: No such file or directory

Gdk-Message: 17:22:14.571: Unable to load hand2 from the cursor theme
Gdk-Message: 17:22:14.643: Unable to load arrow from the cursor theme
[2025-06-29 17:22:15.036] [info] Bar configured (width: 1385, height: 36) for output: eDP-1
[2025-06-29 17:22:15.978] [info] Bar configured (width: 1377, height: 36) for output: eDP-1
[2025-06-29 17:22:16.036] [info] Bar configured (width: 1366, height: 36) for output: eDP-1
[2025-06-29 17:22:17.037] [info] Bar configured (width: 1377, height: 36) for output: eDP-1
[2025-06-29 17:22:20.038] [info] Bar configured (width: 1393, height: 36) for output: eDP-1
[2025-06-29 17:22:21.037] [info] Bar configured (width: 1385, height: 36) for output: eDP-1
[2025-06-29 17:22:22.038] [info] Bar configured (width: 1366, height: 36) for output: eDP-1
[2025-06-29 17:22:23.038] [info] Bar configured (width: 1377, height: 36) for output: eDP-1
[2025-06-29 17:22:24.039] [info] Bar configured (width: 1369, height: 36) for output: eDP-1
[2025-06-29 17:22:26.038] [info] Bar configured (width: 1366, height: 36) for output: eDP-1
[2025-06-29 17:22:27.039] [info] Bar configured (width: 1369, height: 36) for output: eDP-1
[2025-06-29 17:22:28.039] [info] Bar configured (width: 1377, height: 36) for output: eDP-1
[2025-06-29 17:22:29.039] [info] Bar configured (width: 1366, height: 36) for output: eDP-1
[2025-06-29 17:22:30.054] [info] Bar configured (width: 1393, height: 36) for output: eDP-1
[2025-06-29 17:22:30.832] [info] Bar configured (width: 1366, height: 36) for output: eDP-1
[2025-06-29 17:22:31.040] [info] Bar configured (width: 1385, height: 36) for output: eDP-1
[2025-06-29 17:22:31.980] [info] Bar configured (width: 1377, height: 36) for output: eDP-1
[2025-06-29 17:22:32.040] [info] Bar configured (width: 1393, height: 36) for output: eDP-1
[2025-06-29 17:22:33.041] [info] Bar configured (width: 1385, height: 36) for output: eDP-1
[2025-06-29 17:22:34.981] [info] Bar configured (width: 1393, height: 36) for output: eDP-1
[2025-06-29 17:22:35.042] [info] Bar configured (width: 1369, height: 36) for output: eDP-1
[2025-06-29 17:22:35.981] [info] Bar configured (width: 1377, height: 36) for output: eDP-1
[2025-06-29 17:22:37.042] [info] Bar configured (width: 1385, height: 36) for output: eDP-1
[2025-06-29 17:22:37.981] [info] Bar configured (width: 1377, height: 36) for output: eDP-1
[2025-06-29 17:22:38.042] [info] Bar configured (width: 1366, height: 36) for output: eDP-1
[2025-06-29 17:22:39.042] [info] Bar configured (width: 1369, height: 36) for output: eDP-1
[2025-06-29 17:22:40.042] [info] Bar configured (width: 1366, height: 36) for output: eDP-1
[2025-06-29 17:22:41.042] [info] Bar configured (width: 1385, height: 36) for output: eDP-1
[2025-06-29 17:22:41.981] [info] Bar configured (width: 1377, height: 36) for output: eDP-1
[2025-06-29 17:22:42.042] [info] Bar configured (width: 1369, height: 36) for output: eDP-1
[2025-06-29 17:22:42.985] [info] Bar configured (width: 1377, height: 36) for output: eDP-1
[2025-06-29 17:22:43.042] [info] Bar configured (width: 1393, height: 36) for output: eDP-1
[2025-06-29 17:22:44.044] [info] Bar configured (width: 1401, height: 36) for output: eDP-1
[2025-06-29 17:22:50.044] [info] Bar configured (width: 1366, height: 36) for output: eDP-1
[2025-06-29 17:22:52.045] [info] Bar configured (width: 1377, height: 36) for output: eDP-1
[2025-06-29 17:22:52.984] [info] Bar configured (width: 1385, height: 36) for output: eDP-1
[2025-06-29 17:22:53.045] [info] Bar configured (width: 1409, height: 36) for output: eDP-1
[2025-06-29 17:22:54.046] [info] Bar configured (width: 1377, height: 36) for output: eDP-1
[2025-06-29 17:22:57.046] [info] Bar configured (width: 1393, height: 36) for output: eDP-1
[2025-06-29 17:22:58.047] [info] Bar configured (width: 1369, height: 36) for output: eDP-1
[2025-06-29 17:22:59.047] [info] Bar configured (width: 1377, height: 36) for output: eDP-1
[2025-06-29 17:23:00.984] [info] Bar configured (width: 1369, height: 36) for output: eDP-1
[2025-06-29 17:23:01.985] [info] Bar configured (width: 1377, height: 36) for output: eDP-1
[2025-06-29 17:23:02.047] [info] Bar configured (width: 1369, height: 36) for output: eDP-1
[2025-06-29 17:23:03.048] [info] Bar configured (width: 1385, height: 36) for output: eDP-1
[2025-06-29 17:23:04.048] [info] Bar configured (width: 1393, height: 36) for output: eDP-1
[2025-06-29 17:23:05.048] [info] Bar configured (width: 1385, height: 36) for output: eDP-1
[2025-06-29 17:23:05.986] [info] Bar configured (width: 1377, height: 36) for output: eDP-1
[2025-06-29 17:23:06.049] [info] Bar configured (width: 1366, height: 36) for output: eDP-1
[2025-06-29 17:23:08.049] [info] Bar configured (width: 1369, height: 36) for output: eDP-1
[2025-06-29 17:23:08.985] [info] Bar configured (width: 1377, height: 36) for output: eDP-1
[2025-06-29 17:23:09.049] [info] Bar configured (width: 1393, height: 36) for output: eDP-1
[2025-06-29 17:23:10.049] [info] Bar configured (width: 1377, height: 36) for output: eDP-1
[2025-06-29 17:23:12.050] [info] Bar configured (width: 1393, height: 36) for output: eDP-1
[2025-06-29 17:23:14.051] [info] Bar configured (width: 1377, height: 36) for output: eDP-1
[2025-06-29 17:23:14.987] [info] Bar configured (width: 1369, height: 36) for output: eDP-1
[2025-06-29 17:23:15.986] [info] Bar configured (width: 1377, height: 36) for output: eDP-1
[2025-06-29 17:23:17.052] [info] Bar configured (width: 1366, height: 36) for output: eDP-1
[2025-06-29 17:23:18.052] [info] Bar configured (width: 1377, height: 36) for output: eDP-1
[2025-06-29 17:23:18.987] [info] Bar configured (width: 1369, height: 36) for output: eDP-1
[2025-06-29 17:23:19.052] [info] Bar configured (width: 1377, height: 36) for output: eDP-1
[2025-06-29 17:23:20.052] [info] Bar configured (width: 1385, height: 36) for output: eDP-1
[2025-06-29 17:23:20.987] [info] Bar configured (width: 1393, height: 36) for output: eDP-1
[2025-06-29 17:23:21.052] [info] Bar configured (width: 1385, height: 36) for output: eDP-1
[2025-06-29 17:23:22.053] [info] Bar configured (width: 1366, height: 36) for output: eDP-1
[2025-06-29 17:23:23.052] [info] Bar configured (width: 1385, height: 36) for output: eDP-1
[2025-06-29 17:23:23.987] [info] Bar configured (width: 1393, height: 36) for output: eDP-1
[2025-06-29 17:23:24.053] [info] Bar configured (width: 1385, height: 36) for output: eDP-1
[2025-06-29 17:23:24.988] [info] Bar configured (width: 1377, height: 36) for output: eDP-1
[2025-06-29 17:23:25.054] [info] Bar configured (width: 1366, height: 36) for output: eDP-1
[2025-06-29 17:23:27.055] [info] Bar configured (width: 1377, height: 36) for output: eDP-1
[2025-06-29 17:23:28.055] [info] Bar configured (width: 1393, height: 36) for output: eDP-1
[2025-06-29 17:23:29.055] [info] Bar configured (width: 1369, height: 36) for output: eDP-1
[2025-06-29 17:23:31.056] [info] Bar configured (width: 1377, height: 36) for output: eDP-1
[2025-06-29 17:23:32.055] [info] Bar configured (width: 1401, height: 36) for output: eDP-1
[2025-06-29 17:23:33.056] [info] Bar configured (width: 1377, height: 36) for output: eDP-1
[2025-06-29 17:23:35.057] [info] Bar configured (width: 1366, height: 36) for output: eDP-1
[2025-06-29 17:23:36.057] [info] Bar configured (width: 1369, height: 36) for output: eDP-1
[2025-06-29 17:23:36.991] [info] Bar configured (width: 1377, height: 36) for output: eDP-1
[2025-06-29 17:23:37.065] [info] Bar configured (width: 1369, height: 36) for output: eDP-1
[2025-06-29 17:23:37.995] [info] Bar configured (width: 1366, height: 36) for output: eDP-1
[2025-06-29 17:23:41.058] [info] Bar configured (width: 1385, height: 36) for output: eDP-1
[2025-06-29 17:23:42.058] [info] Bar configured (width: 1366, height: 36) for output: eDP-1
[2025-06-29 17:23:43.058] [info] Bar configured (width: 1385, height: 36) for output: eDP-1
[2025-06-29 17:23:44.059] [info] Bar configured (width: 1366, height: 36) for output: eDP-1
[2025-06-29 17:23:47.060] [info] Bar configured (width: 1377, height: 36) for output: eDP-1
[2025-06-29 17:23:48.060] [info] Bar configured (width: 1385, height: 36) for output: eDP-1
[2025-06-29 17:23:49.060] [info] Bar configured (width: 1377, height: 36) for output: eDP-1
[2025-06-29 17:23:50.060] [info] Bar configured (width: 1366, height: 36) for output: eDP-1
[2025-06-29 17:23:51.060] [info] Bar configured (width: 1385, height: 36) for output: eDP-1
[2025-06-29 17:23:52.993] [info] Bar configured (width: 1377, height: 36) for output: eDP-1
[2025-06-29 17:23:54.061] [info] Bar configured (width: 1369, height: 36) for output: eDP-1
[2025-06-29 17:23:54.993] [info] Bar configured (width: 1377, height: 36) for output: eDP-1
[2025-06-29 17:23:55.061] [info] Bar configured (width: 1369, height: 36) for output: eDP-1
[2025-06-29 17:23:56.061] [info] Bar configured (width: 1366, height: 36) for output: eDP-1
[2025-06-29 17:23:57.062] [info] Bar configured (width: 1393, height: 36) for output: eDP-1
[2025-06-29 17:23:58.062] [info] Bar configured (width: 1377, height: 36) for output: eDP-1
[2025-06-29 17:23:59.063] [info] Bar configured (width: 1366, height: 36) for output: eDP-1
[2025-06-29 17:24:00.063] [info] Bar configured (width: 1377, height: 36) for output: eDP-1
[2025-06-29 17:24:00.994] [info] Bar configured (width: 1369, height: 36) for output: eDP-1
[2025-06-29 17:24:01.063] [info] Bar configured (width: 1377, height: 36) for output: eDP-1
[2025-06-29 17:24:01.994] [info] Bar configured (width: 1385, height: 36) for output: eDP-1
[2025-06-29 17:24:02.063] [info] Bar configured (width: 1377, height: 36) for output: eDP-1
[2025-06-29 17:24:03.063] [info] Bar configured (width: 1366, height: 36) for output: eDP-1
[2025-06-29 17:24:04.064] [info] Bar configured (width: 1385, height: 36) for output: eDP-1
[2025-06-29 17:24:05.064] [info] Bar configured (width: 1366, height: 36) for output: eDP-1
[2025-06-29 17:24:07.167] [info] Bar configured (width: 1377, height: 36) for output: eDP-1
[2025-06-29 17:24:08.996] [info] Bar configured (width: 1369, height: 36) for output: eDP-1
[2025-06-29 17:24:09.065] [info] Bar configured (width: 1366, height: 36) for output: eDP-1
[2025-06-29 17:24:10.064] [info] Bar configured (width: 1369, height: 36) for output: eDP-1
[2025-06-29 17:24:10.996] [info] Bar configured (width: 1377, height: 36) for output: eDP-1
[2025-06-29 17:24:11.065] [info] Bar configured (width: 1366, height: 36) for output: eDP-1
[2025-06-29 17:24:12.065] [info] Bar configured (width: 1369, height: 36) for output: eDP-1
[2025-06-29 17:24:12.996] [info] Bar configured (width: 1377, height: 36) for output: eDP-1
[2025-06-29 17:24:13.066] [info] Bar configured (width: 1393, height: 36) for output: eDP-1
[2025-06-29 17:24:13.996] [info] Bar configured (width: 1385, height: 36) for output: eDP-1
[2025-06-29 17:24:14.066] [info] Bar configured (width: 1366, height: 36) for output: eDP-1
[2025-06-29 17:24:15.066] [info] Bar configured (width: 1369, height: 36) for output: eDP-1
[2025-06-29 17:24:16.067] [info] Bar configured (width: 1366, height: 36) for output: eDP-1
[2025-06-29 17:24:18.067] [info] Bar configured (width: 1369, height: 36) for output: eDP-1
[2025-06-29 17:24:19.067] [info] Bar configured (width: 1366, height: 36) for output: eDP-1
[2025-06-29 17:24:20.068] [info] Bar configured (width: 1377, height: 36) for output: eDP-1
[2025-06-29 17:24:20.997] [info] Bar configured (width: 1385, height: 36) for output: eDP-1
[2025-06-29 17:24:21.068] [info] Bar configured (width: 1366, height: 36) for output: eDP-1
[2025-06-29 17:24:23.068] [info] Bar configured (width: 1377, height: 36) for output: eDP-1
[2025-06-29 17:24:24.069] [info] Bar configured (width: 1385, height: 36) for output: eDP-1
[2025-06-29 17:24:25.068] [info] Bar configured (width: 1377, height: 36) for output: eDP-1
[2025-06-29 17:24:26.068] [info] Bar configured (width: 1366, height: 36) for output: eDP-1
[2025-06-29 17:24:28.069] [info] Bar configured (width: 1385, height: 36) for output: eDP-1
[2025-06-29 17:24:29.070] [info] Bar configured (width: 1366, height: 36) for output: eDP-1
[2025-06-29 17:24:31.070] [info] Bar configured (width: 1369, height: 36) for output: eDP-1
[2025-06-29 17:24:31.717] [info] Bar configured (width: 1366, height: 36) for output: eDP-1
[2025-06-29 17:24:35.071] [info] Bar configured (width: 1369, height: 36) for output: eDP-1
[2025-06-29 17:24:36.071] [info] Bar configured (width: 1366, height: 36) for output: eDP-1
Gdk-Message: 17:24:43.787: Unable to load hand2 from the cursor theme
Gdk-Message: 17:24:43.793: Unable to load arrow from the cursor theme
[2025-06-29 17:24:48.074] [info] Bar configured (width: 1369, height: 36) for output: eDP-1
[2025-06-29 17:24:50.074] [info] Bar configured (width: 1366, height: 36) for output: eDP-1
[2025-06-29 17:24:55.076] [info] Bar configured (width: 1369, height: 36) for output: eDP-1
[2025-06-29 17:24:56.003] [info] Bar configured (width: 1377, height: 36) for output: eDP-1
[2025-06-29 17:24:56.075] [info] Bar configured (width: 1369, height: 36) for output: eDP-1
[2025-06-29 17:24:57.076] [info] Bar configured (width: 1366, height: 36) for output: eDP-1
[2025-06-29 17:25:07.005] [info] Bar configured (width: 1369, height: 36) for output: eDP-1
[2025-06-29 17:25:07.078] [info] Bar configured (width: 1366, height: 36) for output: eDP-1
[2025-06-29 17:25:17.080] [info] Bar configured (width: 1377, height: 36) for output: eDP-1
[2025-06-29 17:25:18.081] [info] Bar configured (width: 1366, height: 36) for output: eDP-1
[2025-06-29 17:29:10.533] [info] Using configuration file /home/syafiq/.config/waybar/config
[2025-06-29 17:29:10.537] [info] Discovered appearance 'dark'
[2025-06-29 17:29:10.537] [info] Using CSS file /home/syafiq/.config/waybar/style.css
[2025-06-29 17:29:10.544] [info] Hyprland IPC starting
[2025-06-29 17:29:10.545] [info] Loading persistent workspaces from Hyprland workspace rules
[2025-06-29 17:29:10.555] [warning] No battery named BAT2
[2025-06-29 17:29:10.695] [warning] Requested height: 30 is less than the minimum height: 36 required by the modules
[2025-06-29 17:29:10.695] [info] Bar configured (width: 1366, height: 36) for output: eDP-1
